<?xml version="1.0" encoding="UTF-8"?>
<!-- Generated by org.testng.reporters.JUnitReportReporter -->
<testsuite hostname="DESKTOP-AU847K4" failures="0" tests="3" name="runners.TestRunner" time="63.997" errors="0" timestamp="2024-12-07T12:52:45 IST" skipped="0">
  <testcase classname="runners.TestRunner" name="runScenario" time="21.329"/>
  <system-out/>
  <testcase classname="runners.TestRunner" name="runScenario" time="21.378"/>
  <system-out/>
  <testcase classname="runners.TestRunner" name="runScenario" time="21.290"/>
  <system-out/>
</testsuite> <!-- runners.TestRunner -->
