<?xml version="1.0" encoding="UTF-8"?>
<!-- Generated by org.testng.reporters.JUnitReportReporter -->
<testsuite hostname="DESKTOP-AU847K4" failures="0" tests="1" name="tests.LoginTest" time="8.402" errors="0" timestamp="2024-11-22T12:41:41 IST" skipped="0">
  <testcase classname="tests.LoginTest" name="f" time="8.402"/>
  <system-out/>
</testsuite> <!-- tests.LoginTest -->
