<?xml version="1.0" encoding="UTF-8"?>
<!-- Generated by org.testng.reporters.JUnitReportReporter -->
<testsuite hostname="DESKTOP-AU847K4" failures="0" tests="2" name="testNGpack.CheckBox1" time="21.338" errors="0" timestamp="2024-11-08T12:38:09 IST" skipped="0">
  <testcase classname="testNGpack.CheckBox1" name="checkboxTest" time="7.592"/>
  <system-out/>
  <testcase classname="testNGpack.CheckBox1" name="checkboxTest" time="13.746"/>
  <system-out/>
</testsuite> <!-- testNGpack.CheckBox1 -->
