<?xml version="1.0" encoding="UTF-8"?>
<!-- Generated by org.testng.reporters.JUnitReportReporter -->
<testsuite hostname="DESKTOP-AU847K4" failures="0" tests="2" name="excelDataDriven.DataManagementFinalVersion" time="0.016" errors="0" timestamp="2024-11-19T12:17:16 IST" skipped="0">
  <testcase classname="excelDataDriven.DataManagementFinalVersion" name="f" time="0.003"/>
  <system-out/>
  <testcase classname="excelDataDriven.DataManagementFinalVersion" name="f" time="0.013"/>
  <system-out/>
</testsuite> <!-- excelDataDriven.DataManagementFinalVersion -->
