<?xml version="1.0" encoding="UTF-8"?>
<!-- Generated by org.testng.reporters.JUnitReportReporter -->
<testsuite hostname="DESKTOP-AU847K4" failures="0" tests="2" name="excelDataDriven.DataManagementwithHashTable" time="0.017" errors="0" timestamp="2024-11-19T12:08:05 IST" skipped="0">
  <testcase classname="excelDataDriven.DataManagementwithHashTable" name="f" time="0.003"/>
  <system-out/>
  <testcase classname="excelDataDriven.DataManagementwithHashTable" name="f" time="0.014"/>
  <system-out/>
</testsuite> <!-- excelDataDriven.DataManagementwithHashTable -->
