<?xml version="1.0" encoding="UTF-8"?>
<!-- Generated by org.testng.reporters.JUnitReportReporter -->
<testsuite hostname="DESKTOP-AU847K4" failures="0" tests="4" name="registerpack.CustomerRegistration" time="0.149" errors="0" timestamp="2024-11-09T12:43:21 IST" skipped="0">
  <testcase classname="registerpack.CustomerRegistration" name="registerwithMandatfields" time="0.055"/>
  <system-out/>
  <testcase classname="registerpack.CustomerRegistration" name="registerwithDuplicateEmail" time="0.034"/>
  <system-out/>
  <testcase classname="registerpack.CustomerRegistration" name="registerwithallfields" time="0.026"/>
  <system-out/>
  <testcase classname="registerpack.CustomerRegistration" name="registerwithValidEmail" time="0.034"/>
  <system-out/>
</testsuite> <!-- registerpack.CustomerRegistration -->
