<?xml version="1.0" encoding="UTF-8"?>
<!-- Generated by org.testng.reporters.JUnitReportReporter -->
<testsuite hostname="DESKTOP-AU847K4" failures="0" tests="4" name="registerpack.CustomerLogin" time="0.022" errors="0" timestamp="2024-11-15T11:32:13 IST" skipped="0">
  <testcase classname="registerpack.CustomerLogin" name="loginwithInvalidPassword" time="0.005"/>
  <system-out/>
  <testcase classname="registerpack.CustomerLogin" name="loginwithBlankCredientials" time="0.004"/>
  <system-out/>
  <testcase classname="registerpack.CustomerLogin" name="loginwithInvalidValidUser" time="0.005"/>
  <system-out/>
  <testcase classname="registerpack.CustomerLogin" name="loginwithValidCredientials" time="0.008"/>
  <system-out/>
</testsuite> <!-- registerpack.CustomerLogin -->
