<?xml version="1.0" encoding="UTF-8"?>
<!-- Generated by org.testng.reporters.JUnitReportReporter -->
<testsuite hostname="DESKTOP-AU847K4" failures="0" tests="3" name="testNGDataProviderpack.DataProvidersTest" time="0.033" errors="0" timestamp="2024-11-15T12:11:20 IST" skipped="0">
  <testcase classname="testNGDataProviderpack.DataProvidersTest" name="f" time="0.009"/>
  <system-out/>
  <testcase classname="testNGDataProviderpack.DataProvidersTest" name="f" time="0.018"/>
  <system-out/>
  <testcase classname="testNGDataProviderpack.DataProvidersTest" name="f" time="0.006"/>
  <system-out/>
</testsuite> <!-- testNGDataProviderpack.DataProvidersTest -->
