<?xml version="1.0" encoding="UTF-8"?>
<!-- Generated by org.testng.reporters.JUnitReportReporter -->
<testsuite hostname="DESKTOP-AU847K4" failures="0" tests="2" name="testNGpack.TNG_002" time="24.887" errors="0" timestamp="2024-11-08T12:38:09 IST" skipped="0">
  <testcase classname="testNGpack.TNG_002" name="amazonTest" time="8.600"/>
  <system-out/>
  <testcase classname="testNGpack.TNG_002" name="amazonTest" time="16.287"/>
  <system-out/>
</testsuite> <!-- testNGpack.TNG_002 -->
