<?xml version="1.0" encoding="UTF-8"?>
<!-- Generated by org.testng.reporters.JUnitReportReporter -->
<testsuite hostname="DESKTOP-AU847K4" failures="0" tests="4" name="testNGpack.TNG_002" time="61.284" errors="0" timestamp="2024-11-09T12:52:33 IST" skipped="0">
  <testcase classname="testNGpack.TNG_002" name="amazonTest" time="16.955"/>
  <system-out/>
  <testcase classname="testNGpack.TNG_002" name="amazonTest" time="18.381"/>
  <system-out/>
  <testcase classname="testNGpack.TNG_002" name="amazonTest2" time="12.427"/>
  <system-out/>
  <testcase classname="testNGpack.TNG_002" name="amazonTest1" time="13.521"/>
  <system-out/>
</testsuite> <!-- testNGpack.TNG_002 -->
