<?xml version="1.0" encoding="UTF-8"?>
<!-- Generated by org.testng.reporters.JUnitReportReporter -->
<testsuite hostname="DESKTOP-AU847K4" failures="0" tests="1" name="registerpack.SearchOperarions" time="0.003" errors="0" timestamp="2024-11-12T12:32:53 IST" skipped="0">
  <testcase classname="registerpack.SearchOperarions" name="searchforaValidProduct" time="0.003"/>
  <system-out/>
</testsuite> <!-- registerpack.SearchOperarions -->
