<?xml version="1.0" encoding="UTF-8"?>
<!-- Generated by org.testng.reporters.JUnitReportReporter -->
<testsuite hostname="DESKTOP-AU847K4" failures="0" tests="3" name="testNGpack.TNG_002" time="31.473" errors="0" timestamp="2024-12-23T06:36:40 IST" skipped="0">
  <testcase classname="testNGpack.TNG_002" name="amazonTest" time="24.464"/>
  <system-out/>
  <testcase classname="testNGpack.TNG_002" name="amazonTest1" time="3.742"/>
  <system-out/>
  <testcase classname="testNGpack.TNG_002" name="amazonTest2" time="3.267"/>
  <system-out/>
</testsuite> <!-- testNGpack.TNG_002 -->
