<?xml version="1.0" encoding="UTF-8"?>
<!-- Generated by org.testng.reporters.JUnitReportReporter -->
<testsuite hostname="DESKTOP-AU847K4" failures="0" tests="2" name="registerpack.CustomerRegistration" time="0.023" errors="0" timestamp="2024-11-12T12:32:53 IST" skipped="0">
  <testcase classname="registerpack.CustomerRegistration" name="registerwithMandatfields" time="0.021"/>
  <system-out/>
  <testcase classname="registerpack.CustomerRegistration" name="registerwithallfields" time="0.002"/>
  <system-out/>
</testsuite> <!-- registerpack.CustomerRegistration -->
