<?xml version="1.0" encoding="UTF-8"?>
<!-- Generated by org.testng.reporters.JUnitReportReporter -->
<testsuite hostname="DESKTOP-AU847K4" failures="0" tests="3" name="testNGpack.TNG_001" time="0.041" errors="0" timestamp="2024-11-07T12:37:01 IST" skipped="1">
  <testcase classname="testNGpack.TNG_001" name="f" time="0.028"/>
  <system-out/>
  <testcase classname="testNGpack.TNG_001" name="a" time="0.013"/>
  <system-out/>
  <testcase classname="testNGpack.TNG_001" name="z">
    <skipped/>
  </testcase> <!-- z -->
  <system-out/>
</testsuite> <!-- testNGpack.TNG_001 -->
