<?xml version="1.0" encoding="UTF-8"?>
<!-- Generated by org.testng.reporters.JUnitReportReporter -->
<testsuite hostname="DESKTOP-AU847K4" failures="0" tests="4" name="testNGpack.TestMethodDepencency" time="0.034" errors="0" timestamp="2024-11-12T12:03:31 IST" skipped="1">
  <testcase classname="testNGpack.TestMethodDepencency" name="orange" time="0.020"/>
  <system-out/>
  <testcase classname="testNGpack.TestMethodDepencency" name="white" time="0.001"/>
  <system-out/>
  <testcase classname="testNGpack.TestMethodDepencency" name="blue" time="0.008">
    <skipped/>
  </testcase> <!-- blue -->
  <system-out/>
  <testcase classname="testNGpack.TestMethodDepencency" name="green" time="0.005"/>
  <system-out/>
</testsuite> <!-- testNGpack.TestMethodDepencency -->
