<?xml version="1.0" encoding="UTF-8"?>
<!-- Generated by org.testng.reporters.JUnitReportReporter -->
<testsuite hostname="DESKTOP-AU847K4" failures="0" tests="2" name="registerpack.SearchOperarions" time="0.007" errors="0" timestamp="2024-11-15T11:32:13 IST" skipped="0">
  <testcase classname="registerpack.SearchOperarions" name="searchwithNoProduct" time="0.003"/>
  <system-out/>
  <testcase classname="registerpack.SearchOperarions" name="searchforaValidProduct" time="0.004"/>
  <system-out/>
</testsuite> <!-- registerpack.SearchOperarions -->
