<?xml version="1.0" encoding="UTF-8"?>
<!-- Generated by org.testng.reporters.JUnitReportReporter -->
<testsuite hostname="DESKTOP-AU847K4" failures="0" tests="4" name="registerpack.CustomerLogin" time="0.188" errors="0" timestamp="2024-11-09T12:43:21 IST" skipped="0">
  <testcase classname="registerpack.CustomerLogin" name="loginwithValidCredientials" time="0.038"/>
  <system-out/>
  <testcase classname="registerpack.CustomerLogin" name="loginwithBlankCredientials" time="0.070"/>
  <system-out/>
  <testcase classname="registerpack.CustomerLogin" name="loginwithInvalidPassword" time="0.030"/>
  <system-out/>
  <testcase classname="registerpack.CustomerLogin" name="loginwithInvalidValidUser" time="0.050"/>
  <system-out/>
</testsuite> <!-- registerpack.CustomerLogin -->
