<?xml version="1.0" encoding="UTF-8"?>
<!-- Generated by org.testng.reporters.JUnitReportReporter -->
<testsuite hostname="DESKTOP-AU847K4" failures="0" tests="3" name="testNGDataProviderpack.UserClass" time="0.035" errors="0" timestamp="2024-11-15T12:29:52 IST" skipped="0">
  <testcase classname="testNGDataProviderpack.UserClass" name="f" time="0.019"/>
  <system-out/>
  <testcase classname="testNGDataProviderpack.UserClass" name="f" time="0.009"/>
  <system-out/>
  <testcase classname="testNGDataProviderpack.UserClass" name="f" time="0.007"/>
  <system-out/>
</testsuite> <!-- testNGDataProviderpack.UserClass -->
