<?xml version="1.0" encoding="UTF-8"?>
<!-- Generated by org.testng.reporters.JUnitReportReporter -->
<testsuite hostname="DESKTOP-AU847K4" failures="0" tests="1" name="testNGpack.NewTest" time="0.022" errors="0" timestamp="2024-11-07T12:06:46 IST" skipped="0">
  <testcase classname="testNGpack.NewTest" name="f" time="0.022"/>
  <system-out/>
</testsuite> <!-- testNGpack.NewTest -->
