<?xml version="1.0" encoding="UTF-8"?>
<!-- Generated by org.testng.reporters.JUnitReportReporter -->
<testsuite hostname="DESKTOP-AU847K4" failures="0" tests="2" name="testNGpack.RadioButton1" time="21.737" errors="0" timestamp="2024-11-08T12:38:09 IST" skipped="0">
  <testcase classname="testNGpack.RadioButton1" name="radioButtonTest" time="13.474"/>
  <system-out/>
  <testcase classname="testNGpack.RadioButton1" name="radioButtonTest" time="8.263"/>
  <system-out/>
</testsuite> <!-- testNGpack.RadioButton1 -->
