<?xml version="1.0" encoding="UTF-8"?>
<!-- Generated by org.testng.reporters.JUnitReportReporter -->
<testsuite hostname="DESKTOP-AU847K4" failures="1" tests="10" name="registerpack.CustomerRegistration" time="4.131" errors="1" timestamp="2024-11-15T11:32:13 IST" skipped="7">
  <testcase classname="registerpack.CustomerRegistration" name="registerwithMandatfields" time="0.020"/>
  <system-out/>
  <testcase classname="registerpack.CustomerRegistration" name="registerwithallfields" time="0.005">
    <skipped/>
  </testcase> <!-- registerwithallfields -->
  <system-out/>
  <testcase classname="registerpack.CustomerRegistration" name="registerwithallfields" time="0.009">
    <skipped/>
  </testcase> <!-- registerwithallfields -->
  <system-out/>
  <testcase classname="registerpack.CustomerRegistration" name="registerwithallfields" time="0.009">
    <skipped/>
  </testcase> <!-- registerwithallfields -->
  <system-out/>
  <testcase classname="registerpack.CustomerRegistration" name="registerwithallfields" time="0.029">
    <failure message="registerwithallfields has failed" type="java.lang.AssertionError">
      <![CDATA[java.lang.AssertionError: registerwithallfields has failed
at org.testng.Assert.fail(Assert.java:99)
at registerpack.CustomerRegistration.registerwithallfields(CustomerRegistration.java:28)
at java.base/jdk.internal.reflect.NativeMethodAccessorImpl.invoke0(Native Method)
at java.base/jdk.internal.reflect.NativeMethodAccessorImpl.invoke(NativeMethodAccessorImpl.java:77)
at java.base/jdk.internal.reflect.DelegatingMethodAccessorImpl.invoke(DelegatingMethodAccessorImpl.java:43)
at java.base/java.lang.reflect.Method.invoke(Method.java:568)
at org.testng.internal.MethodInvocationHelper.invokeMethod(MethodInvocationHelper.java:133)
at org.testng.internal.TestInvoker.invokeMethod(TestInvoker.java:598)
at org.testng.internal.TestInvoker.retryFailed(TestInvoker.java:213)
at org.testng.internal.MethodRunner.runInSequence(MethodRunner.java:58)
at org.testng.internal.TestInvoker$MethodInvocationAgent.invoke(TestInvoker.java:824)
at org.testng.internal.TestInvoker.invokeTestMethods(TestInvoker.java:146)
at org.testng.internal.TestMethodWorker.invokeTestMethods(TestMethodWorker.java:146)
at org.testng.internal.TestMethodWorker.run(TestMethodWorker.java:128)
at java.base/java.util.ArrayList.forEach(ArrayList.java:1511)
at org.testng.TestRunner.privateRun(TestRunner.java:794)
at org.testng.TestRunner.run(TestRunner.java:596)
at org.testng.SuiteRunner.runTest(SuiteRunner.java:377)
at org.testng.SuiteRunner.runSequentially(SuiteRunner.java:371)
at org.testng.SuiteRunner.privateRun(SuiteRunner.java:332)
at org.testng.SuiteRunner.run(SuiteRunner.java:276)
at org.testng.SuiteRunnerWorker.runSuite(SuiteRunnerWorker.java:53)
at org.testng.SuiteRunnerWorker.run(SuiteRunnerWorker.java:96)
at org.testng.TestNG.runSuitesSequentially(TestNG.java:1212)
at org.testng.TestNG.runSuitesLocally(TestNG.java:1134)
at org.testng.TestNG.runSuites(TestNG.java:1063)
at org.testng.TestNG.run(TestNG.java:1031)
at org.testng.remote.AbstractRemoteTestNG.run(AbstractRemoteTestNG.java:115)
at org.testng.remote.RemoteTestNG.initAndRun(RemoteTestNG.java:293)
at org.testng.remote.RemoteTestNG.main(RemoteTestNG.java:91)
]]>
    </failure>
  </testcase> <!-- registerwithallfields -->
  <system-out/>
  <testcase classname="registerpack.CustomerRegistration" name="registerwithDuplicateEmail" time="1.022">
    <skipped/>
  </testcase> <!-- registerwithDuplicateEmail -->
  <system-out/>
  <testcase classname="registerpack.CustomerRegistration" name="registerwithDuplicateEmail" time="1.020">
    <skipped/>
  </testcase> <!-- registerwithDuplicateEmail -->
  <system-out/>
  <testcase classname="registerpack.CustomerRegistration" name="registerwithDuplicateEmail" time="1.009">
    <error message="Method registerpack.CustomerRegistration.registerwithDuplicateEmail() didn&#039;t finish within the time-out 1000" type="org.testng.internal.thread.ThreadTimeoutException">
      <![CDATA[org.testng.internal.thread.ThreadTimeoutException: Method registerpack.CustomerRegistration.registerwithDuplicateEmail() didn't finish within the time-out 1000
at org.testng.internal.MethodInvocationHelper.invokeWithTimeoutWithNewExecutor(MethodInvocationHelper.java:384)
at org.testng.internal.MethodInvocationHelper.invokeWithTimeout(MethodInvocationHelper.java:283)
at org.testng.internal.TestInvoker.invokeMethod(TestInvoker.java:604)
at org.testng.internal.TestInvoker.retryFailed(TestInvoker.java:213)
at org.testng.internal.MethodRunner.runInSequence(MethodRunner.java:58)
at org.testng.internal.TestInvoker$MethodInvocationAgent.invoke(TestInvoker.java:824)
at org.testng.internal.TestInvoker.invokeTestMethods(TestInvoker.java:146)
at org.testng.internal.TestMethodWorker.invokeTestMethods(TestMethodWorker.java:146)
at org.testng.internal.TestMethodWorker.run(TestMethodWorker.java:128)
at java.base/java.util.ArrayList.forEach(ArrayList.java:1511)
at org.testng.TestRunner.privateRun(TestRunner.java:794)
at org.testng.TestRunner.run(TestRunner.java:596)
at org.testng.SuiteRunner.runTest(SuiteRunner.java:377)
at org.testng.SuiteRunner.runSequentially(SuiteRunner.java:371)
at org.testng.SuiteRunner.privateRun(SuiteRunner.java:332)
at org.testng.SuiteRunner.run(SuiteRunner.java:276)
at org.testng.SuiteRunnerWorker.runSuite(SuiteRunnerWorker.java:53)
at org.testng.SuiteRunnerWorker.run(SuiteRunnerWorker.java:96)
at org.testng.TestNG.runSuitesSequentially(TestNG.java:1212)
at org.testng.TestNG.runSuitesLocally(TestNG.java:1134)
at org.testng.TestNG.runSuites(TestNG.java:1063)
at org.testng.TestNG.run(TestNG.java:1031)
at org.testng.remote.AbstractRemoteTestNG.run(AbstractRemoteTestNG.java:115)
at org.testng.remote.RemoteTestNG.initAndRun(RemoteTestNG.java:293)
at org.testng.remote.RemoteTestNG.main(RemoteTestNG.java:91)
]]>
    </error>
  </testcase> <!-- registerwithDuplicateEmail -->
  <system-out/>
  <testcase classname="registerpack.CustomerRegistration" name="registerwithDuplicateEmail" time="1.008">
    <skipped/>
  </testcase> <!-- registerwithDuplicateEmail -->
  <system-out/>
  <testcase classname="registerpack.CustomerRegistration" name="registerwithValidEmail" time="0.000">
    <skipped/>
  </testcase> <!-- registerwithValidEmail -->
  <system-out/>
</testsuite> <!-- registerpack.CustomerRegistration -->
