<?xml version="1.0" encoding="UTF-8"?>
<!-- Generated by org.testng.reporters.JUnitReportReporter -->
<testsuite hostname="DESKTOP-AU847K4" failures="0" tests="2" name="registerpack.CustomerLogin" time="0.007" errors="0" timestamp="2024-11-12T12:32:53 IST" skipped="0">
  <testcase classname="registerpack.CustomerLogin" name="loginwithInvalidValidUser" time="0.005"/>
  <system-out/>
  <testcase classname="registerpack.CustomerLogin" name="loginwithValidCredientials" time="0.002"/>
  <system-out/>
</testsuite> <!-- registerpack.CustomerLogin -->
