<?xml version="1.0" encoding="UTF-8"?>
<!-- Generated by org.testng.reporters.JUnitReportReporter -->
<testsuite hostname="DESKTOP-AU847K4" failures="0" tests="2" name="testNGpack.CheckBox1" time="19.869" errors="0" timestamp="2024-11-09T12:52:33 IST" skipped="0">
  <testcase classname="testNGpack.CheckBox1" name="checkboxTest" time="7.135"/>
  <system-out/>
  <testcase classname="testNGpack.CheckBox1" name="checkboxTest" time="12.734"/>
  <system-out/>
</testsuite> <!-- testNGpack.CheckBox1 -->
