<?xml version="1.0" encoding="UTF-8"?>
<!-- Generated by org.testng.reporters.JUnitReportReporter -->
<testsuite hostname="DESKTOP-AU847K4" failures="0" tests="2" name="testNGpack.OneTestOutputAsInput" time="0.026" errors="0" timestamp="2024-11-12T12:46:59 IST" skipped="0">
  <testcase classname="testNGpack.OneTestOutputAsInput" name="a" time="0.021"/>
  <system-out/>
  <testcase classname="testNGpack.OneTestOutputAsInput" name="b" time="0.005"/>
  <system-out/>
</testsuite> <!-- testNGpack.OneTestOutputAsInput -->
