<?xml version="1.0" encoding="UTF-8"?>
<!-- Generated by org.testng.reporters.JUnitReportReporter -->
<testsuite hostname="DESKTOP-AU847K4" failures="0" tests="3" name="runners.TestRunner" time="49.606" errors="0" timestamp="2024-12-07T12:16:45 IST" skipped="0">
  <testcase classname="runners.TestRunner" name="runScenario" time="16.541"/>
  <system-out/>
  <testcase classname="runners.TestRunner" name="runScenario" time="16.570"/>
  <system-out/>
  <testcase classname="runners.TestRunner" name="runScenario" time="16.495"/>
  <system-out/>
</testsuite> <!-- runners.TestRunner -->
