<?xml version="1.0" encoding="UTF-8"?>
<!-- Generated by org.testng.reporters.JUnitReportReporter -->
<testsuite hostname="DESKTOP-AU847K4" failures="0" tests="3" name="runners.TestRunner" time="43.833" errors="0" timestamp="2024-12-10T11:50:41 IST" skipped="1">
  <testcase classname="runners.TestRunner" name="runScenario" time="14.657">
    <skipped/>
  </testcase> <!-- runScenario -->
  <system-out/>
  <testcase classname="runners.TestRunner" name="runScenario" time="14.595"/>
  <system-out/>
  <testcase classname="runners.TestRunner" name="runScenario" time="14.581"/>
  <system-out/>
</testsuite> <!-- runners.TestRunner -->
