<?xml version="1.0" encoding="UTF-8"?>
<!-- Generated by org.testng.reporters.JUnitReportReporter -->
<testsuite hostname="DESKTOP-AU847K4" failures="0" tests="1" name="pack.NewTest" time="4.623" errors="0" timestamp="2025-01-23T11:54:02 IST" skipped="0">
  <testcase classname="pack.NewTest" name="f" time="4.623"/>
  <system-out/>
</testsuite> <!-- pack.NewTest -->
